<?xml version="1.0" encoding="UTF-8" ?>
<testsuites>
  <testsuite errors="0" failures="1" hostname="NB75" id="0" name="DatasetTests" package="winston" tests="1" time="5.366" timestamp="2013-08-03T12:49:02">
      <properties />

      <testcase classname="winston.DatasetTests" name="testSomething" time="5.303">
          <failure message="junit.framework.AssertionFailedError: Implement me" type="junit.framework.AssertionFailedError">junit.framework.AssertionFailedError: junit.framework.AssertionFailedError: Implement me
	at winston.DatasetTests.testSomething(DatasetTests.groovy:15)
</failure>

      </testcase>

      <system-out><![CDATA[--Output from testSomething--
]]></system-out>

      <system-err><![CDATA[--Output from testSomething--
]]></system-err>

  </testsuite>
</testsuites>
